0 info it worked if it ends with ok
1 verbose cli [ 'node', '/usr/bin/npm', 'install', 'grunt' ]
2 info using npm@1.2.23
3 info using node@v0.10.8
4 verbose node symlink /usr/bin/node
5 verbose read json /home/imedina/appl/bioinfo-js/js-common-libs/genome-viewer-v2/package.json
6 warn package.json genome-viewer2@2.0.0 No repository field.
7 warn package.json genome-viewer2@2.0.0 No readme data.
8 verbose from cache /home/imedina/appl/bioinfo-js/js-common-libs/genome-viewer-v2/package.json
9 verbose readDependencies using package.json deps
10 verbose cache add [ 'grunt@~0.4.1', null ]
11 verbose cache add name=undefined spec="grunt@~0.4.1" args=["grunt@~0.4.1",null]
12 verbose parsed url { protocol: null,
12 verbose parsed url   slashes: null,
12 verbose parsed url   auth: null,
12 verbose parsed url   host: null,
12 verbose parsed url   port: null,
12 verbose parsed url   hostname: null,
12 verbose parsed url   hash: null,
12 verbose parsed url   search: null,
12 verbose parsed url   query: null,
12 verbose parsed url   pathname: 'grunt@~0.4.1',
12 verbose parsed url   path: 'grunt@~0.4.1',
12 verbose parsed url   href: 'grunt@~0.4.1' }
13 verbose cache add name="grunt" spec="~0.4.1" args=["grunt","~0.4.1"]
14 verbose parsed url { protocol: null,
14 verbose parsed url   slashes: null,
14 verbose parsed url   auth: null,
14 verbose parsed url   host: null,
14 verbose parsed url   port: null,
14 verbose parsed url   hostname: null,
14 verbose parsed url   hash: null,
14 verbose parsed url   search: null,
14 verbose parsed url   query: null,
14 verbose parsed url   pathname: '~0.4.1',
14 verbose parsed url   path: '~0.4.1',
14 verbose parsed url   href: '~0.4.1' }
15 verbose addNamed [ 'grunt', '~0.4.1' ]
16 verbose addNamed [ null, '>=0.4.1- <0.5.0-' ]
17 silly lockFile 766a3bd3-grunt-0-4-1 grunt@~0.4.1
18 verbose lock grunt@~0.4.1 /home/imedina/.npm/766a3bd3-grunt-0-4-1.lock
19 silly addNameRange { name: 'grunt', range: '>=0.4.1- <0.5.0-', hasData: false }
20 verbose url raw grunt
21 verbose url resolving [ 'https://registry.npmjs.org/', './grunt' ]
22 verbose url resolved https://registry.npmjs.org/grunt
23 info trying registry request attempt 1 at 09:55:02
24 verbose etag "456L94K3YRVVCKZY0XRVKZH8S"
25 http GET https://registry.npmjs.org/grunt
26 http 304 https://registry.npmjs.org/grunt
27 silly registry.get cb [ 304,
27 silly registry.get   { server: 'CouchDB/1.3.0 (Erlang OTP/R15B03)',
27 silly registry.get     etag: '"456L94K3YRVVCKZY0XRVKZH8S"',
27 silly registry.get     date: 'Tue, 28 May 2013 07:55:04 GMT',
27 silly registry.get     'content-length': '0' } ]
28 verbose etag grunt from cache
29 silly addNameRange number 2 { name: 'grunt', range: '>=0.4.1- <0.5.0-', hasData: true }
30 silly addNameRange versions [ 'grunt',
30 silly addNameRange   [ '0.1.0',
30 silly addNameRange     '0.1.1',
30 silly addNameRange     '0.1.2',
30 silly addNameRange     '0.2.0',
30 silly addNameRange     '0.2.1',
30 silly addNameRange     '0.2.2',
30 silly addNameRange     '0.2.3',
30 silly addNameRange     '0.2.4',
30 silly addNameRange     '0.2.5',
30 silly addNameRange     '0.2.6',
30 silly addNameRange     '0.2.7',
30 silly addNameRange     '0.2.8',
30 silly addNameRange     '0.2.9',
30 silly addNameRange     '0.2.10',
30 silly addNameRange     '0.2.11',
30 silly addNameRange     '0.2.12',
30 silly addNameRange     '0.2.13',
30 silly addNameRange     '0.2.14',
30 silly addNameRange     '0.2.15',
30 silly addNameRange     '0.3.0',
30 silly addNameRange     '0.3.1',
30 silly addNameRange     '0.3.2',
30 silly addNameRange     '0.3.3',
30 silly addNameRange     '0.3.4',
30 silly addNameRange     '0.3.5',
30 silly addNameRange     '0.3.6',
30 silly addNameRange     '0.3.7',
30 silly addNameRange     '0.3.8',
30 silly addNameRange     '0.3.9',
30 silly addNameRange     '0.3.10',
30 silly addNameRange     '0.3.11',
30 silly addNameRange     '0.3.12',
30 silly addNameRange     '0.3.13a',
30 silly addNameRange     '0.3.13',
30 silly addNameRange     '0.3.14',
30 silly addNameRange     '0.3.15',
30 silly addNameRange     '0.3.16',
30 silly addNameRange     '0.3.17',
30 silly addNameRange     '0.4.0a',
30 silly addNameRange     '0.4.0rc1',
30 silly addNameRange     '0.4.0rc2',
30 silly addNameRange     '0.4.0rc3',
30 silly addNameRange     '0.4.0rc4',
30 silly addNameRange     '0.4.0rc5',
30 silly addNameRange     '0.4.0rc6',
30 silly addNameRange     '0.4.0rc7',
30 silly addNameRange     '0.4.0rc8',
30 silly addNameRange     '0.4.0',
30 silly addNameRange     '0.4.1' ] ]
31 verbose addNamed [ 'grunt', '0.4.1' ]
32 verbose addNamed [ '0.4.1', '0.4.1' ]
33 silly lockFile f9e87dfe-grunt-0-4-1 grunt@0.4.1
34 verbose lock grunt@0.4.1 /home/imedina/.npm/f9e87dfe-grunt-0-4-1.lock
35 verbose read json /home/imedina/.npm/grunt/0.4.1/package/package.json
36 silly lockFile f9e87dfe-grunt-0-4-1 grunt@0.4.1
37 silly lockFile f9e87dfe-grunt-0-4-1 grunt@0.4.1
38 silly lockFile 766a3bd3-grunt-0-4-1 grunt@~0.4.1
39 silly lockFile 766a3bd3-grunt-0-4-1 grunt@~0.4.1
40 silly resolved [ { name: 'grunt',
40 silly resolved     description: 'The JavaScript Task Runner',
40 silly resolved     version: '0.4.1',
40 silly resolved     author: { name: '"Cowboy" Ben Alman', url: 'http://benalman.com/' },
40 silly resolved     homepage: 'http://gruntjs.com/',
40 silly resolved     repository: { type: 'git', url: 'git://github.com/gruntjs/grunt.git' },
40 silly resolved     bugs: { url: 'http://github.com/gruntjs/grunt/issues' },
40 silly resolved     licenses: [ [Object] ],
40 silly resolved     main: 'lib/grunt',
40 silly resolved     scripts: { test: 'grunt test' },
40 silly resolved     engines: { node: '>= 0.8.0' },
40 silly resolved     keywords:
40 silly resolved      [ 'task',
40 silly resolved        'async',
40 silly resolved        'cli',
40 silly resolved        'minify',
40 silly resolved        'uglify',
40 silly resolved        'build',
40 silly resolved        'lodash',
40 silly resolved        'unit',
40 silly resolved        'test',
40 silly resolved        'qunit',
40 silly resolved        'nodeunit',
40 silly resolved        'server',
40 silly resolved        'init',
40 silly resolved        'scaffold',
40 silly resolved        'make',
40 silly resolved        'jake',
40 silly resolved        'tool' ],
40 silly resolved     dependencies:
40 silly resolved      { async: '~0.1.22',
40 silly resolved        'coffee-script': '~1.3.3',
40 silly resolved        colors: '~0.6.0-1',
40 silly resolved        dateformat: '1.0.2-1.2.3',
40 silly resolved        eventemitter2: '~0.4.9',
40 silly resolved        'findup-sync': '~0.1.0',
40 silly resolved        glob: '~3.1.21',
40 silly resolved        hooker: '~0.2.3',
40 silly resolved        'iconv-lite': '~0.2.5',
40 silly resolved        minimatch: '~0.2.6',
40 silly resolved        nopt: '~1.0.10',
40 silly resolved        rimraf: '~2.0.2',
40 silly resolved        lodash: '~0.9.0',
40 silly resolved        'underscore.string': '~2.2.0rc',
40 silly resolved        which: '~1.0.5',
40 silly resolved        'js-yaml': '~2.0.2' },
40 silly resolved     devDependencies:
40 silly resolved      { temporary: '~0.0.4',
40 silly resolved        'grunt-contrib-jshint': '~0.1.1',
40 silly resolved        'grunt-contrib-nodeunit': '~0.1.2',
40 silly resolved        'grunt-contrib-watch': '~0.2.0',
40 silly resolved        difflet: '~0.2.3' },
40 silly resolved     contributors: [ [Object], [Object], [Object], [Object] ],
40 silly resolved     readme: '# Grunt: The JavaScript Task Runner [![Build Status](https://secure.travis-ci.org/gruntjs/grunt.png?branch=master)](http://travis-ci.org/gruntjs/grunt)\n\n### Documentation\n\nVisit the [gruntjs.com](http://gruntjs.com/) website for all the things.\n\n### Support / Contributing\nBefore you make an issue, please read our [Contributing](http://gruntjs.com/contributing) guide.\n\nYou can find the grunt team in [#grunt on irc.freenode.net](irc://irc.freenode.net/#grunt).\n\n### Release History\nSee the [CHANGELOG](CHANGELOG).\n',
40 silly resolved     readmeFilename: 'README.md',
40 silly resolved     _id: 'grunt@0.4.1',
40 silly resolved     _from: 'grunt@~0.4.1' } ]
41 info install grunt@0.4.1 into /home/imedina/appl/bioinfo-js/js-common-libs/genome-viewer-v2
42 info installOne grunt@0.4.1
43 verbose from cache /home/imedina/.npm/grunt/0.4.1/package/package.json
44 info /home/imedina/appl/bioinfo-js/js-common-libs/genome-viewer-v2/node_modules/grunt unbuild
45 verbose read json /home/imedina/appl/bioinfo-js/js-common-libs/genome-viewer-v2/node_modules/grunt/package.json
46 verbose tar unpack /home/imedina/.npm/grunt/0.4.1/package.tgz
47 silly lockFile 0d13432c-ome-viewer-v2-node-modules-grunt /home/imedina/appl/bioinfo-js/js-common-libs/genome-viewer-v2/node_modules/grunt
48 verbose lock /home/imedina/appl/bioinfo-js/js-common-libs/genome-viewer-v2/node_modules/grunt /home/imedina/.npm/0d13432c-ome-viewer-v2-node-modules-grunt.lock
49 silly lockFile e7424239-dina-npm-grunt-0-4-1-package-tgz /home/imedina/.npm/grunt/0.4.1/package.tgz
50 verbose lock /home/imedina/.npm/grunt/0.4.1/package.tgz /home/imedina/.npm/e7424239-dina-npm-grunt-0-4-1-package-tgz.lock
51 silly gunzTarPerm modes [ '755', '644' ]
52 silly gunzTarPerm extractEntry package.json
53 silly gunzTarPerm extractEntry .npmignore
54 silly gunzTarPerm extractEntry README.md
55 silly gunzTarPerm extractEntry Gruntfile.js
56 silly gunzTarPerm extractEntry custom-gruntfile.js
57 silly gunzTarPerm extractEntry test/fixtures/a.js
58 silly gunzTarPerm extractEntry test/fixtures/b.js
59 silly gunzTarPerm extractEntry test/fixtures/banner.js
60 silly gunzTarPerm extractEntry test/fixtures/banner2.js
61 silly gunzTarPerm extractEntry test/fixtures/banner3.js
62 silly gunzTarPerm extractEntry test/fixtures/Gruntfile-print-text.js
63 silly gunzTarPerm extractEntry test/fixtures/spawn-multibyte.js
64 silly gunzTarPerm extractEntry test/fixtures/spawn.js
65 silly gunzTarPerm extractEntry test/fixtures/iso-8859-1.json
66 silly gunzTarPerm extractEntry test/fixtures/expand/README.md
67 silly gunzTarPerm extractEntry test/fixtures/expand/css/baz.css
68 silly gunzTarPerm extractEntry test/fixtures/expand/css/qux.css
69 silly gunzTarPerm extractEntry test/fixtures/expand/deep/deep.txt
70 silly gunzTarPerm extractEntry test/fixtures/expand/deep/deeper/deeper.txt
71 silly gunzTarPerm extractEntry test/fixtures/expand/deep/deeper/deepest/deepest.txt
72 silly gunzTarPerm extractEntry test/fixtures/expand/js/bar.js
73 silly gunzTarPerm extractEntry test/fixtures/expand/js/foo.js
74 silly gunzTarPerm extractEntry test/fixtures/expand-mapping-ext/dir.ectory/file-no-extension
75 silly gunzTarPerm extractEntry test/fixtures/expand-mapping-ext/dir.ectory/sub.dir.ectory/file.ext.ension
76 silly gunzTarPerm extractEntry test/fixtures/expand-mapping-ext/file.ext.ension
77 silly gunzTarPerm extractEntry test/fixtures/files/dist/built-123-a.js
78 silly gunzTarPerm extractEntry test/fixtures/files/dist/built-123-b.js
79 silly gunzTarPerm extractEntry test/fixtures/files/dist/built-a.js
80 silly gunzTarPerm extractEntry test/fixtures/files/dist/built-b.js
81 silly gunzTarPerm extractEntry test/fixtures/files/dist/built.js
82 silly gunzTarPerm extractEntry test/fixtures/files/src/file1-123.js
83 silly gunzTarPerm extractEntry test/fixtures/files/src/file1.js
84 silly gunzTarPerm extractEntry test/fixtures/files/src/file2-123.js
85 silly gunzTarPerm extractEntry test/fixtures/files/src/file2.js
86 silly gunzTarPerm extractEntry test/fixtures/BOM.txt
87 silly gunzTarPerm extractEntry test/fixtures/iso-8859-1.txt
88 silly gunzTarPerm extractEntry test/fixtures/iso-8859-1.yaml
89 silly gunzTarPerm extractEntry test/fixtures/lint.txt
90 silly gunzTarPerm extractEntry test/fixtures/no_BOM.txt
91 silly gunzTarPerm extractEntry test/fixtures/octocat.png
92 silly gunzTarPerm extractEntry test/fixtures/exec.cmd
93 silly gunzTarPerm extractEntry test/fixtures/exec.sh
94 silly gunzTarPerm extractEntry test/fixtures/template.txt
95 silly gunzTarPerm extractEntry test/fixtures/test.json
96 silly gunzTarPerm extractEntry test/fixtures/utf8.json
97 silly gunzTarPerm extractEntry test/fixtures/utf8.txt
98 silly gunzTarPerm extractEntry test/fixtures/utf8.yaml
99 silly gunzTarPerm extractEntry test/grunt/config_test.js
100 silly gunzTarPerm extractEntry test/grunt/event_test.js
101 silly gunzTarPerm extractEntry test/grunt/file_test.js
102 silly gunzTarPerm extractEntry test/grunt/log_test.js
103 silly gunzTarPerm extractEntry test/grunt/option_test.js
104 silly gunzTarPerm extractEntry test/grunt/task_test.js
105 silly gunzTarPerm extractEntry test/grunt/template_test.js
106 silly gunzTarPerm extractEntry test/grunt/util_test.js
107 silly gunzTarPerm extractEntry test/gruntfile/multi-task-files.js
108 silly gunzTarPerm extractEntry test/util/namespace_test.js
109 silly gunzTarPerm extractEntry test/util/task_test.js
110 silly gunzTarPerm extractEntry .travis.yml
111 silly gunzTarPerm extractEntry AUTHORS
112 silly gunzTarPerm extractEntry CHANGELOG
113 silly gunzTarPerm extractEntry docs/README.md
114 silly gunzTarPerm extractEntry lib/grunt.js
115 silly gunzTarPerm extractEntry lib/grunt/cli.js
116 silly gunzTarPerm extractEntry lib/grunt/event.js
117 silly gunzTarPerm extractEntry lib/grunt/fail.js
118 silly gunzTarPerm extractEntry lib/grunt/file.js
119 silly gunzTarPerm extractEntry lib/grunt/config.js
120 silly gunzTarPerm extractEntry lib/grunt/log.js
121 silly gunzTarPerm extractEntry lib/grunt/option.js
122 silly gunzTarPerm extractEntry lib/grunt/task.js
123 silly gunzTarPerm extractEntry lib/grunt/template.js
124 silly gunzTarPerm extractEntry lib/grunt/util.js
125 silly gunzTarPerm extractEntry lib/grunt/help.js
126 silly gunzTarPerm extractEntry lib/util/exit.js
127 silly gunzTarPerm extractEntry lib/util/namespace.js
128 silly gunzTarPerm extractEntry lib/util/task.js
129 silly gunzTarPerm extractEntry CONTRIBUTING.md
130 silly gunzTarPerm extractEntry LICENSE-MIT
131 verbose read json /home/imedina/appl/bioinfo-js/js-common-libs/genome-viewer-v2/node_modules/grunt/package.json
132 silly lockFile 0d13432c-ome-viewer-v2-node-modules-grunt /home/imedina/appl/bioinfo-js/js-common-libs/genome-viewer-v2/node_modules/grunt
133 silly lockFile 0d13432c-ome-viewer-v2-node-modules-grunt /home/imedina/appl/bioinfo-js/js-common-libs/genome-viewer-v2/node_modules/grunt
134 silly lockFile e7424239-dina-npm-grunt-0-4-1-package-tgz /home/imedina/.npm/grunt/0.4.1/package.tgz
135 silly lockFile e7424239-dina-npm-grunt-0-4-1-package-tgz /home/imedina/.npm/grunt/0.4.1/package.tgz
136 info preinstall grunt@0.4.1
137 verbose from cache /home/imedina/appl/bioinfo-js/js-common-libs/genome-viewer-v2/node_modules/grunt/package.json
138 verbose readDependencies using package.json deps
139 verbose from cache /home/imedina/appl/bioinfo-js/js-common-libs/genome-viewer-v2/node_modules/grunt/package.json
140 verbose readDependencies using package.json deps
141 verbose cache add [ 'async@~0.1.22', null ]
142 verbose cache add name=undefined spec="async@~0.1.22" args=["async@~0.1.22",null]
143 verbose parsed url { protocol: null,
143 verbose parsed url   slashes: null,
143 verbose parsed url   auth: null,
143 verbose parsed url   host: null,
143 verbose parsed url   port: null,
143 verbose parsed url   hostname: null,
143 verbose parsed url   hash: null,
143 verbose parsed url   search: null,
143 verbose parsed url   query: null,
143 verbose parsed url   pathname: 'async@~0.1.22',
143 verbose parsed url   path: 'async@~0.1.22',
143 verbose parsed url   href: 'async@~0.1.22' }
144 verbose cache add name="async" spec="~0.1.22" args=["async","~0.1.22"]
145 verbose parsed url { protocol: null,
145 verbose parsed url   slashes: null,
145 verbose parsed url   auth: null,
145 verbose parsed url   host: null,
145 verbose parsed url   port: null,
145 verbose parsed url   hostname: null,
145 verbose parsed url   hash: null,
145 verbose parsed url   search: null,
145 verbose parsed url   query: null,
145 verbose parsed url   pathname: '~0.1.22',
145 verbose parsed url   path: '~0.1.22',
145 verbose parsed url   href: '~0.1.22' }
146 verbose addNamed [ 'async', '~0.1.22' ]
147 verbose addNamed [ null, '>=0.1.22- <0.2.0-' ]
148 silly lockFile 3af71045-async-0-1-22 async@~0.1.22
149 verbose lock async@~0.1.22 /home/imedina/.npm/3af71045-async-0-1-22.lock
150 verbose cache add [ 'coffee-script@~1.3.3', null ]
151 verbose cache add name=undefined spec="coffee-script@~1.3.3" args=["coffee-script@~1.3.3",null]
152 verbose parsed url { protocol: null,
152 verbose parsed url   slashes: null,
152 verbose parsed url   auth: null,
152 verbose parsed url   host: null,
152 verbose parsed url   port: null,
152 verbose parsed url   hostname: null,
152 verbose parsed url   hash: null,
152 verbose parsed url   search: null,
152 verbose parsed url   query: null,
152 verbose parsed url   pathname: 'coffee-script@~1.3.3',
152 verbose parsed url   path: 'coffee-script@~1.3.3',
152 verbose parsed url   href: 'coffee-script@~1.3.3' }
153 verbose cache add name="coffee-script" spec="~1.3.3" args=["coffee-script","~1.3.3"]
154 verbose parsed url { protocol: null,
154 verbose parsed url   slashes: null,
154 verbose parsed url   auth: null,
154 verbose parsed url   host: null,
154 verbose parsed url   port: null,
154 verbose parsed url   hostname: null,
154 verbose parsed url   hash: null,
154 verbose parsed url   search: null,
154 verbose parsed url   query: null,
154 verbose parsed url   pathname: '~1.3.3',
154 verbose parsed url   path: '~1.3.3',
154 verbose parsed url   href: '~1.3.3' }
155 verbose addNamed [ 'coffee-script', '~1.3.3' ]
156 verbose addNamed [ null, '>=1.3.3- <1.4.0-' ]
157 silly lockFile f72bb580-coffee-script-1-3-3 coffee-script@~1.3.3
158 verbose lock coffee-script@~1.3.3 /home/imedina/.npm/f72bb580-coffee-script-1-3-3.lock
159 silly addNameRange { name: 'async', range: '>=0.1.22- <0.2.0-', hasData: false }
160 verbose cache add [ 'dateformat@1.0.2-1.2.3', null ]
161 verbose cache add name=undefined spec="dateformat@1.0.2-1.2.3" args=["dateformat@1.0.2-1.2.3",null]
162 verbose parsed url { protocol: null,
162 verbose parsed url   slashes: null,
162 verbose parsed url   auth: null,
162 verbose parsed url   host: null,
162 verbose parsed url   port: null,
162 verbose parsed url   hostname: null,
162 verbose parsed url   hash: null,
162 verbose parsed url   search: null,
162 verbose parsed url   query: null,
162 verbose parsed url   pathname: 'dateformat@1.0.2-1.2.3',
162 verbose parsed url   path: 'dateformat@1.0.2-1.2.3',
162 verbose parsed url   href: 'dateformat@1.0.2-1.2.3' }
163 verbose cache add name="dateformat" spec="1.0.2-1.2.3" args=["dateformat","1.0.2-1.2.3"]
164 verbose parsed url { protocol: null,
164 verbose parsed url   slashes: null,
164 verbose parsed url   auth: null,
164 verbose parsed url   host: null,
164 verbose parsed url   port: null,
164 verbose parsed url   hostname: null,
164 verbose parsed url   hash: null,
164 verbose parsed url   search: null,
164 verbose parsed url   query: null,
164 verbose parsed url   pathname: '1.0.2-1.2.3',
164 verbose parsed url   path: '1.0.2-1.2.3',
164 verbose parsed url   href: '1.0.2-1.2.3' }
165 verbose addNamed [ 'dateformat', '1.0.2-1.2.3' ]
166 verbose addNamed [ '1.0.2-1.2.3', '1.0.2-1.2.3' ]
167 silly lockFile 644d6e27-dateformat-1-0-2-1-2-3 dateformat@1.0.2-1.2.3
168 verbose lock dateformat@1.0.2-1.2.3 /home/imedina/.npm/644d6e27-dateformat-1-0-2-1-2-3.lock
169 verbose cache add [ 'colors@~0.6.0-1', null ]
170 verbose cache add name=undefined spec="colors@~0.6.0-1" args=["colors@~0.6.0-1",null]
171 verbose parsed url { protocol: null,
171 verbose parsed url   slashes: null,
171 verbose parsed url   auth: null,
171 verbose parsed url   host: null,
171 verbose parsed url   port: null,
171 verbose parsed url   hostname: null,
171 verbose parsed url   hash: null,
171 verbose parsed url   search: null,
171 verbose parsed url   query: null,
171 verbose parsed url   pathname: 'colors@~0.6.0-1',
171 verbose parsed url   path: 'colors@~0.6.0-1',
171 verbose parsed url   href: 'colors@~0.6.0-1' }
172 verbose cache add name="colors" spec="~0.6.0-1" args=["colors","~0.6.0-1"]
173 verbose parsed url { protocol: null,
173 verbose parsed url   slashes: null,
173 verbose parsed url   auth: null,
173 verbose parsed url   host: null,
173 verbose parsed url   port: null,
173 verbose parsed url   hostname: null,
173 verbose parsed url   hash: null,
173 verbose parsed url   search: null,
173 verbose parsed url   query: null,
173 verbose parsed url   pathname: '~0.6.0-1',
173 verbose parsed url   path: '~0.6.0-1',
173 verbose parsed url   href: '~0.6.0-1' }
174 verbose addNamed [ 'colors', '~0.6.0-1' ]
175 verbose addNamed [ null, '>=0.6.0-1 <0.7.0-' ]
176 silly lockFile f29bff6b-colors-0-6-0-1 colors@~0.6.0-1
177 verbose lock colors@~0.6.0-1 /home/imedina/.npm/f29bff6b-colors-0-6-0-1.lock
178 silly addNameRange { name: 'coffee-script',
178 silly addNameRange   range: '>=1.3.3- <1.4.0-',
178 silly addNameRange   hasData: false }
179 verbose cache add [ 'eventemitter2@~0.4.9', null ]
180 verbose cache add name=undefined spec="eventemitter2@~0.4.9" args=["eventemitter2@~0.4.9",null]
181 verbose parsed url { protocol: null,
181 verbose parsed url   slashes: null,
181 verbose parsed url   auth: null,
181 verbose parsed url   host: null,
181 verbose parsed url   port: null,
181 verbose parsed url   hostname: null,
181 verbose parsed url   hash: null,
181 verbose parsed url   search: null,
181 verbose parsed url   query: null,
181 verbose parsed url   pathname: 'eventemitter2@~0.4.9',
181 verbose parsed url   path: 'eventemitter2@~0.4.9',
181 verbose parsed url   href: 'eventemitter2@~0.4.9' }
182 verbose cache add name="eventemitter2" spec="~0.4.9" args=["eventemitter2","~0.4.9"]
183 verbose parsed url { protocol: null,
183 verbose parsed url   slashes: null,
183 verbose parsed url   auth: null,
183 verbose parsed url   host: null,
183 verbose parsed url   port: null,
183 verbose parsed url   hostname: null,
183 verbose parsed url   hash: null,
183 verbose parsed url   search: null,
183 verbose parsed url   query: null,
183 verbose parsed url   pathname: '~0.4.9',
183 verbose parsed url   path: '~0.4.9',
183 verbose parsed url   href: '~0.4.9' }
184 verbose addNamed [ 'eventemitter2', '~0.4.9' ]
185 verbose addNamed [ null, '>=0.4.9- <0.5.0-' ]
186 silly lockFile 70573e74-eventemitter2-0-4-9 eventemitter2@~0.4.9
187 verbose lock eventemitter2@~0.4.9 /home/imedina/.npm/70573e74-eventemitter2-0-4-9.lock
188 silly addNameRange { name: 'colors', range: '>=0.6.0-1 <0.7.0-', hasData: false }
189 silly addNameRange { name: 'eventemitter2',
189 silly addNameRange   range: '>=0.4.9- <0.5.0-',
189 silly addNameRange   hasData: false }
190 verbose cache add [ 'findup-sync@~0.1.0', null ]
191 verbose cache add name=undefined spec="findup-sync@~0.1.0" args=["findup-sync@~0.1.0",null]
192 verbose parsed url { protocol: null,
192 verbose parsed url   slashes: null,
192 verbose parsed url   auth: null,
192 verbose parsed url   host: null,
192 verbose parsed url   port: null,
192 verbose parsed url   hostname: null,
192 verbose parsed url   hash: null,
192 verbose parsed url   search: null,
192 verbose parsed url   query: null,
192 verbose parsed url   pathname: 'findup-sync@~0.1.0',
192 verbose parsed url   path: 'findup-sync@~0.1.0',
192 verbose parsed url   href: 'findup-sync@~0.1.0' }
193 verbose cache add name="findup-sync" spec="~0.1.0" args=["findup-sync","~0.1.0"]
194 verbose parsed url { protocol: null,
194 verbose parsed url   slashes: null,
194 verbose parsed url   auth: null,
194 verbose parsed url   host: null,
194 verbose parsed url   port: null,
194 verbose parsed url   hostname: null,
194 verbose parsed url   hash: null,
194 verbose parsed url   search: null,
194 verbose parsed url   query: null,
194 verbose parsed url   pathname: '~0.1.0',
194 verbose parsed url   path: '~0.1.0',
194 verbose parsed url   href: '~0.1.0' }
195 verbose addNamed [ 'findup-sync', '~0.1.0' ]
196 verbose addNamed [ null, '>=0.1.0- <0.2.0-' ]
197 silly lockFile 625605b9-findup-sync-0-1-0 findup-sync@~0.1.0
198 verbose lock findup-sync@~0.1.0 /home/imedina/.npm/625605b9-findup-sync-0-1-0.lock
199 silly addNameRange { name: 'findup-sync',
199 silly addNameRange   range: '>=0.1.0- <0.2.0-',
199 silly addNameRange   hasData: false }
200 verbose url raw colors
201 verbose url resolving [ 'https://registry.npmjs.org/', './colors' ]
202 verbose url resolved https://registry.npmjs.org/colors
203 info trying registry request attempt 1 at 09:55:05
204 verbose etag "7MR9AS2P4VSV7OWD5Q54LLRL1"
205 http GET https://registry.npmjs.org/colors
206 verbose cache add [ 'hooker@~0.2.3', null ]
207 verbose cache add name=undefined spec="hooker@~0.2.3" args=["hooker@~0.2.3",null]
208 verbose parsed url { protocol: null,
208 verbose parsed url   slashes: null,
208 verbose parsed url   auth: null,
208 verbose parsed url   host: null,
208 verbose parsed url   port: null,
208 verbose parsed url   hostname: null,
208 verbose parsed url   hash: null,
208 verbose parsed url   search: null,
208 verbose parsed url   query: null,
208 verbose parsed url   pathname: 'hooker@~0.2.3',
208 verbose parsed url   path: 'hooker@~0.2.3',
208 verbose parsed url   href: 'hooker@~0.2.3' }
209 verbose cache add name="hooker" spec="~0.2.3" args=["hooker","~0.2.3"]
210 verbose parsed url { protocol: null,
210 verbose parsed url   slashes: null,
210 verbose parsed url   auth: null,
210 verbose parsed url   host: null,
210 verbose parsed url   port: null,
210 verbose parsed url   hostname: null,
210 verbose parsed url   hash: null,
210 verbose parsed url   search: null,
210 verbose parsed url   query: null,
210 verbose parsed url   pathname: '~0.2.3',
210 verbose parsed url   path: '~0.2.3',
210 verbose parsed url   href: '~0.2.3' }
211 verbose addNamed [ 'hooker', '~0.2.3' ]
212 verbose addNamed [ null, '>=0.2.3- <0.3.0-' ]
213 silly lockFile 2bcd1457-hooker-0-2-3 hooker@~0.2.3
214 verbose lock hooker@~0.2.3 /home/imedina/.npm/2bcd1457-hooker-0-2-3.lock
215 verbose cache add [ 'glob@~3.1.21', null ]
216 verbose cache add name=undefined spec="glob@~3.1.21" args=["glob@~3.1.21",null]
217 verbose parsed url { protocol: null,
217 verbose parsed url   slashes: null,
217 verbose parsed url   auth: null,
217 verbose parsed url   host: null,
217 verbose parsed url   port: null,
217 verbose parsed url   hostname: null,
217 verbose parsed url   hash: null,
217 verbose parsed url   search: null,
217 verbose parsed url   query: null,
217 verbose parsed url   pathname: 'glob@~3.1.21',
217 verbose parsed url   path: 'glob@~3.1.21',
217 verbose parsed url   href: 'glob@~3.1.21' }
218 verbose cache add name="glob" spec="~3.1.21" args=["glob","~3.1.21"]
219 verbose parsed url { protocol: null,
219 verbose parsed url   slashes: null,
219 verbose parsed url   auth: null,
219 verbose parsed url   host: null,
219 verbose parsed url   port: null,
219 verbose parsed url   hostname: null,
219 verbose parsed url   hash: null,
219 verbose parsed url   search: null,
219 verbose parsed url   query: null,
219 verbose parsed url   pathname: '~3.1.21',
219 verbose parsed url   path: '~3.1.21',
219 verbose parsed url   href: '~3.1.21' }
220 verbose addNamed [ 'glob', '~3.1.21' ]
221 verbose addNamed [ null, '>=3.1.21- <3.2.0-' ]
222 silly lockFile b5074ddc-glob-3-1-21 glob@~3.1.21
223 verbose lock glob@~3.1.21 /home/imedina/.npm/b5074ddc-glob-3-1-21.lock
224 verbose cache add [ 'iconv-lite@~0.2.5', null ]
225 verbose cache add name=undefined spec="iconv-lite@~0.2.5" args=["iconv-lite@~0.2.5",null]
226 verbose parsed url { protocol: null,
226 verbose parsed url   slashes: null,
226 verbose parsed url   auth: null,
226 verbose parsed url   host: null,
226 verbose parsed url   port: null,
226 verbose parsed url   hostname: null,
226 verbose parsed url   hash: null,
226 verbose parsed url   search: null,
226 verbose parsed url   query: null,
226 verbose parsed url   pathname: 'iconv-lite@~0.2.5',
226 verbose parsed url   path: 'iconv-lite@~0.2.5',
226 verbose parsed url   href: 'iconv-lite@~0.2.5' }
227 verbose cache add name="iconv-lite" spec="~0.2.5" args=["iconv-lite","~0.2.5"]
228 verbose parsed url { protocol: null,
228 verbose parsed url   slashes: null,
228 verbose parsed url   auth: null,
228 verbose parsed url   host: null,
228 verbose parsed url   port: null,
228 verbose parsed url   hostname: null,
228 verbose parsed url   hash: null,
228 verbose parsed url   search: null,
228 verbose parsed url   query: null,
228 verbose parsed url   pathname: '~0.2.5',
228 verbose parsed url   path: '~0.2.5',
228 verbose parsed url   href: '~0.2.5' }
229 verbose addNamed [ 'iconv-lite', '~0.2.5' ]
230 verbose addNamed [ null, '>=0.2.5- <0.3.0-' ]
231 silly lockFile ca9efaa1-iconv-lite-0-2-5 iconv-lite@~0.2.5
232 verbose lock iconv-lite@~0.2.5 /home/imedina/.npm/ca9efaa1-iconv-lite-0-2-5.lock
233 verbose cache add [ 'minimatch@~0.2.6', null ]
234 verbose cache add name=undefined spec="minimatch@~0.2.6" args=["minimatch@~0.2.6",null]
235 verbose parsed url { protocol: null,
235 verbose parsed url   slashes: null,
235 verbose parsed url   auth: null,
235 verbose parsed url   host: null,
235 verbose parsed url   port: null,
235 verbose parsed url   hostname: null,
235 verbose parsed url   hash: null,
235 verbose parsed url   search: null,
235 verbose parsed url   query: null,
235 verbose parsed url   pathname: 'minimatch@~0.2.6',
235 verbose parsed url   path: 'minimatch@~0.2.6',
235 verbose parsed url   href: 'minimatch@~0.2.6' }
236 verbose cache add name="minimatch" spec="~0.2.6" args=["minimatch","~0.2.6"]
237 verbose parsed url { protocol: null,
237 verbose parsed url   slashes: null,
237 verbose parsed url   auth: null,
237 verbose parsed url   host: null,
237 verbose parsed url   port: null,
237 verbose parsed url   hostname: null,
237 verbose parsed url   hash: null,
237 verbose parsed url   search: null,
237 verbose parsed url   query: null,
237 verbose parsed url   pathname: '~0.2.6',
237 verbose parsed url   path: '~0.2.6',
237 verbose parsed url   href: '~0.2.6' }
238 verbose addNamed [ 'minimatch', '~0.2.6' ]
239 verbose addNamed [ null, '>=0.2.6- <0.3.0-' ]
240 silly lockFile 5922ee11-minimatch-0-2-6 minimatch@~0.2.6
241 verbose lock minimatch@~0.2.6 /home/imedina/.npm/5922ee11-minimatch-0-2-6.lock
242 verbose cache add [ 'nopt@~1.0.10', null ]
243 verbose cache add name=undefined spec="nopt@~1.0.10" args=["nopt@~1.0.10",null]
244 verbose parsed url { protocol: null,
244 verbose parsed url   slashes: null,
244 verbose parsed url   auth: null,
244 verbose parsed url   host: null,
244 verbose parsed url   port: null,
244 verbose parsed url   hostname: null,
244 verbose parsed url   hash: null,
244 verbose parsed url   search: null,
244 verbose parsed url   query: null,
244 verbose parsed url   pathname: 'nopt@~1.0.10',
244 verbose parsed url   path: 'nopt@~1.0.10',
244 verbose parsed url   href: 'nopt@~1.0.10' }
245 verbose cache add name="nopt" spec="~1.0.10" args=["nopt","~1.0.10"]
246 verbose parsed url { protocol: null,
246 verbose parsed url   slashes: null,
246 verbose parsed url   auth: null,
246 verbose parsed url   host: null,
246 verbose parsed url   port: null,
246 verbose parsed url   hostname: null,
246 verbose parsed url   hash: null,
246 verbose parsed url   search: null,
246 verbose parsed url   query: null,
246 verbose parsed url   pathname: '~1.0.10',
246 verbose parsed url   path: '~1.0.10',
246 verbose parsed url   href: '~1.0.10' }
247 verbose addNamed [ 'nopt', '~1.0.10' ]
248 verbose addNamed [ null, '>=1.0.10- <1.1.0-' ]
249 silly lockFile 79f78dba-nopt-1-0-10 nopt@~1.0.10
250 verbose lock nopt@~1.0.10 /home/imedina/.npm/79f78dba-nopt-1-0-10.lock
251 verbose cache add [ 'rimraf@~2.0.2', null ]
252 verbose cache add name=undefined spec="rimraf@~2.0.2" args=["rimraf@~2.0.2",null]
253 verbose parsed url { protocol: null,
253 verbose parsed url   slashes: null,
253 verbose parsed url   auth: null,
253 verbose parsed url   host: null,
253 verbose parsed url   port: null,
253 verbose parsed url   hostname: null,
253 verbose parsed url   hash: null,
253 verbose parsed url   search: null,
253 verbose parsed url   query: null,
253 verbose parsed url   pathname: 'rimraf@~2.0.2',
253 verbose parsed url   path: 'rimraf@~2.0.2',
253 verbose parsed url   href: 'rimraf@~2.0.2' }
254 verbose cache add name="rimraf" spec="~2.0.2" args=["rimraf","~2.0.2"]
255 verbose parsed url { protocol: null,
255 verbose parsed url   slashes: null,
255 verbose parsed url   auth: null,
255 verbose parsed url   host: null,
255 verbose parsed url   port: null,
255 verbose parsed url   hostname: null,
255 verbose parsed url   hash: null,
255 verbose parsed url   search: null,
255 verbose parsed url   query: null,
255 verbose parsed url   pathname: '~2.0.2',
255 verbose parsed url   path: '~2.0.2',
255 verbose parsed url   href: '~2.0.2' }
256 verbose addNamed [ 'rimraf', '~2.0.2' ]
257 verbose addNamed [ null, '>=2.0.2- <2.1.0-' ]
258 silly lockFile 723423b4-rimraf-2-0-2 rimraf@~2.0.2
259 verbose lock rimraf@~2.0.2 /home/imedina/.npm/723423b4-rimraf-2-0-2.lock
260 verbose cache add [ 'lodash@~0.9.0', null ]
261 verbose cache add name=undefined spec="lodash@~0.9.0" args=["lodash@~0.9.0",null]
262 verbose parsed url { protocol: null,
262 verbose parsed url   slashes: null,
262 verbose parsed url   auth: null,
262 verbose parsed url   host: null,
262 verbose parsed url   port: null,
262 verbose parsed url   hostname: null,
262 verbose parsed url   hash: null,
262 verbose parsed url   search: null,
262 verbose parsed url   query: null,
262 verbose parsed url   pathname: 'lodash@~0.9.0',
262 verbose parsed url   path: 'lodash@~0.9.0',
262 verbose parsed url   href: 'lodash@~0.9.0' }
263 verbose cache add name="lodash" spec="~0.9.0" args=["lodash","~0.9.0"]
264 verbose parsed url { protocol: null,
264 verbose parsed url   slashes: null,
264 verbose parsed url   auth: null,
264 verbose parsed url   host: null,
264 verbose parsed url   port: null,
264 verbose parsed url   hostname: null,
264 verbose parsed url   hash: null,
264 verbose parsed url   search: null,
264 verbose parsed url   query: null,
264 verbose parsed url   pathname: '~0.9.0',
264 verbose parsed url   path: '~0.9.0',
264 verbose parsed url   href: '~0.9.0' }
265 verbose addNamed [ 'lodash', '~0.9.0' ]
266 verbose addNamed [ null, '>=0.9.0- <0.10.0-' ]
267 silly lockFile 429879b8-lodash-0-9-0 lodash@~0.9.0
268 verbose lock lodash@~0.9.0 /home/imedina/.npm/429879b8-lodash-0-9-0.lock
269 verbose url raw coffee-script
270 verbose url resolving [ 'https://registry.npmjs.org/', './coffee-script' ]
271 verbose url resolved https://registry.npmjs.org/coffee-script
272 info trying registry request attempt 1 at 09:55:05
273 verbose etag "3BY1DT1QAT2AQVC3978S0367N"
274 http GET https://registry.npmjs.org/coffee-script
275 verbose url raw dateformat/1.0.2-1.2.3
276 verbose url resolving [ 'https://registry.npmjs.org/', './dateformat/1.0.2-1.2.3' ]
277 verbose url resolved https://registry.npmjs.org/dateformat/1.0.2-1.2.3
278 info trying registry request attempt 1 at 09:55:05
279 verbose etag "1PA9OXA4GS2VF66UTCV8D9ILJ"
280 http GET https://registry.npmjs.org/dateformat/1.0.2-1.2.3
281 silly addNameRange { name: 'hooker', range: '>=0.2.3- <0.3.0-', hasData: false }
282 silly addNameRange { name: 'glob', range: '>=3.1.21- <3.2.0-', hasData: false }
283 silly addNameRange { name: 'iconv-lite', range: '>=0.2.5- <0.3.0-', hasData: false }
284 silly addNameRange { name: 'minimatch', range: '>=0.2.6- <0.3.0-', hasData: false }
285 silly addNameRange { name: 'nopt', range: '>=1.0.10- <1.1.0-', hasData: false }
286 silly addNameRange { name: 'rimraf', range: '>=2.0.2- <2.1.0-', hasData: false }
287 silly addNameRange { name: 'lodash', range: '>=0.9.0- <0.10.0-', hasData: false }
288 verbose cache add [ 'underscore.string@~2.2.0rc', null ]
289 verbose cache add name=undefined spec="underscore.string@~2.2.0rc" args=["underscore.string@~2.2.0rc",null]
290 verbose parsed url { protocol: null,
290 verbose parsed url   slashes: null,
290 verbose parsed url   auth: null,
290 verbose parsed url   host: null,
290 verbose parsed url   port: null,
290 verbose parsed url   hostname: null,
290 verbose parsed url   hash: null,
290 verbose parsed url   search: null,
290 verbose parsed url   query: null,
290 verbose parsed url   pathname: 'underscore.string@~2.2.0rc',
290 verbose parsed url   path: 'underscore.string@~2.2.0rc',
290 verbose parsed url   href: 'underscore.string@~2.2.0rc' }
291 verbose cache add name="underscore.string" spec="~2.2.0rc" args=["underscore.string","~2.2.0rc"]
292 verbose parsed url { protocol: null,
292 verbose parsed url   slashes: null,
292 verbose parsed url   auth: null,
292 verbose parsed url   host: null,
292 verbose parsed url   port: null,
292 verbose parsed url   hostname: null,
292 verbose parsed url   hash: null,
292 verbose parsed url   search: null,
292 verbose parsed url   query: null,
292 verbose parsed url   pathname: '~2.2.0rc',
292 verbose parsed url   path: '~2.2.0rc',
292 verbose parsed url   href: '~2.2.0rc' }
293 verbose addNamed [ 'underscore.string', '~2.2.0rc' ]
294 verbose addNamed [ null, '>=2.2.0rc <2.3.0-' ]
295 silly lockFile d5a5a3c6-underscore-string-2-2-0rc underscore.string@~2.2.0rc
296 verbose lock underscore.string@~2.2.0rc /home/imedina/.npm/d5a5a3c6-underscore-string-2-2-0rc.lock
297 verbose cache add [ 'which@~1.0.5', null ]
298 verbose cache add name=undefined spec="which@~1.0.5" args=["which@~1.0.5",null]
299 verbose parsed url { protocol: null,
299 verbose parsed url   slashes: null,
299 verbose parsed url   auth: null,
299 verbose parsed url   host: null,
299 verbose parsed url   port: null,
299 verbose parsed url   hostname: null,
299 verbose parsed url   hash: null,
299 verbose parsed url   search: null,
299 verbose parsed url   query: null,
299 verbose parsed url   pathname: 'which@~1.0.5',
299 verbose parsed url   path: 'which@~1.0.5',
299 verbose parsed url   href: 'which@~1.0.5' }
300 verbose cache add name="which" spec="~1.0.5" args=["which","~1.0.5"]
301 verbose parsed url { protocol: null,
301 verbose parsed url   slashes: null,
301 verbose parsed url   auth: null,
301 verbose parsed url   host: null,
301 verbose parsed url   port: null,
301 verbose parsed url   hostname: null,
301 verbose parsed url   hash: null,
301 verbose parsed url   search: null,
301 verbose parsed url   query: null,
301 verbose parsed url   pathname: '~1.0.5',
301 verbose parsed url   path: '~1.0.5',
301 verbose parsed url   href: '~1.0.5' }
302 verbose addNamed [ 'which', '~1.0.5' ]
303 verbose addNamed [ null, '>=1.0.5- <1.1.0-' ]
304 silly lockFile d158d65e-which-1-0-5 which@~1.0.5
305 verbose lock which@~1.0.5 /home/imedina/.npm/d158d65e-which-1-0-5.lock
306 verbose cache add [ 'js-yaml@~2.0.2', null ]
307 verbose cache add name=undefined spec="js-yaml@~2.0.2" args=["js-yaml@~2.0.2",null]
308 verbose parsed url { protocol: null,
308 verbose parsed url   slashes: null,
308 verbose parsed url   auth: null,
308 verbose parsed url   host: null,
308 verbose parsed url   port: null,
308 verbose parsed url   hostname: null,
308 verbose parsed url   hash: null,
308 verbose parsed url   search: null,
308 verbose parsed url   query: null,
308 verbose parsed url   pathname: 'js-yaml@~2.0.2',
308 verbose parsed url   path: 'js-yaml@~2.0.2',
308 verbose parsed url   href: 'js-yaml@~2.0.2' }
309 verbose cache add name="js-yaml" spec="~2.0.2" args=["js-yaml","~2.0.2"]
310 verbose parsed url { protocol: null,
310 verbose parsed url   slashes: null,
310 verbose parsed url   auth: null,
310 verbose parsed url   host: null,
310 verbose parsed url   port: null,
310 verbose parsed url   hostname: null,
310 verbose parsed url   hash: null,
310 verbose parsed url   search: null,
310 verbose parsed url   query: null,
310 verbose parsed url   pathname: '~2.0.2',
310 verbose parsed url   path: '~2.0.2',
310 verbose parsed url   href: '~2.0.2' }
311 verbose addNamed [ 'js-yaml', '~2.0.2' ]
312 verbose addNamed [ null, '>=2.0.2- <2.1.0-' ]
313 silly lockFile 0dc3e23f-js-yaml-2-0-2 js-yaml@~2.0.2
314 verbose lock js-yaml@~2.0.2 /home/imedina/.npm/0dc3e23f-js-yaml-2-0-2.lock
315 verbose url raw eventemitter2
316 verbose url resolving [ 'https://registry.npmjs.org/', './eventemitter2' ]
317 verbose url resolved https://registry.npmjs.org/eventemitter2
318 info trying registry request attempt 1 at 09:55:05
319 verbose etag "106VAQNZIVN9U54W6V2ELV125"
320 http GET https://registry.npmjs.org/eventemitter2
321 verbose url raw async
322 verbose url resolving [ 'https://registry.npmjs.org/', './async' ]
323 verbose url resolved https://registry.npmjs.org/async
324 info trying registry request attempt 1 at 09:55:05
325 verbose etag "EOUG0YZXUH1RFEC4OE2S37Q95"
326 http GET https://registry.npmjs.org/async
327 silly addNameRange { name: 'underscore.string',
327 silly addNameRange   range: '>=2.2.0rc <2.3.0-',
327 silly addNameRange   hasData: false }
328 silly addNameRange { name: 'which', range: '>=1.0.5- <1.1.0-', hasData: false }
329 silly addNameRange { name: 'js-yaml', range: '>=2.0.2- <2.1.0-', hasData: false }
330 verbose url raw findup-sync
331 verbose url resolving [ 'https://registry.npmjs.org/', './findup-sync' ]
332 verbose url resolved https://registry.npmjs.org/findup-sync
333 info trying registry request attempt 1 at 09:55:05
334 verbose etag "BXIX5F9F608QS414YZPBS4ACC"
335 http GET https://registry.npmjs.org/findup-sync
336 verbose url raw hooker
337 verbose url resolving [ 'https://registry.npmjs.org/', './hooker' ]
338 verbose url resolved https://registry.npmjs.org/hooker
339 info trying registry request attempt 1 at 09:55:05
340 verbose etag "49HZ41HQJJ7XPIRRMSBYKOEVW"
341 http GET https://registry.npmjs.org/hooker
342 verbose url raw iconv-lite
343 verbose url resolving [ 'https://registry.npmjs.org/', './iconv-lite' ]
344 verbose url resolved https://registry.npmjs.org/iconv-lite
345 info trying registry request attempt 1 at 09:55:05
346 verbose etag "CAEU39FJJ5C19152693TW84KY"
347 http GET https://registry.npmjs.org/iconv-lite
348 verbose url raw glob
349 verbose url resolving [ 'https://registry.npmjs.org/', './glob' ]
350 verbose url resolved https://registry.npmjs.org/glob
351 info trying registry request attempt 1 at 09:55:05
352 verbose etag "CP4KXBMJQ52LP2H1UVB8OH7W9"
353 http GET https://registry.npmjs.org/glob
354 verbose url raw nopt
355 verbose url resolving [ 'https://registry.npmjs.org/', './nopt' ]
356 verbose url resolved https://registry.npmjs.org/nopt
357 info trying registry request attempt 1 at 09:55:05
358 verbose etag "EN7BWQ7ESOJ7R0SBIBZDB8EEM"
359 http GET https://registry.npmjs.org/nopt
360 verbose url raw minimatch
361 verbose url resolving [ 'https://registry.npmjs.org/', './minimatch' ]
362 verbose url resolved https://registry.npmjs.org/minimatch
363 info trying registry request attempt 1 at 09:55:05
364 verbose etag "5JX71LVFYVTO8MP94CQJNAUUL"
365 http GET https://registry.npmjs.org/minimatch
366 verbose url raw rimraf
367 verbose url resolving [ 'https://registry.npmjs.org/', './rimraf' ]
368 verbose url resolved https://registry.npmjs.org/rimraf
369 info trying registry request attempt 1 at 09:55:05
370 verbose etag "DS51XMA9EUEJ34BD66AVLVDAA"
371 http GET https://registry.npmjs.org/rimraf
372 verbose url raw which
373 verbose url resolving [ 'https://registry.npmjs.org/', './which' ]
374 verbose url resolved https://registry.npmjs.org/which
375 info trying registry request attempt 1 at 09:55:05
376 verbose etag "7OCTCN3X23JP3OZF6Y9B69OJL"
377 http GET https://registry.npmjs.org/which
378 verbose url raw underscore.string
379 verbose url resolving [ 'https://registry.npmjs.org/', './underscore.string' ]
380 verbose url resolved https://registry.npmjs.org/underscore.string
381 info trying registry request attempt 1 at 09:55:05
382 verbose etag "AEPXVRET6D1PP6QHW7ZCJKN87"
383 http GET https://registry.npmjs.org/underscore.string
384 verbose url raw js-yaml
385 verbose url resolving [ 'https://registry.npmjs.org/', './js-yaml' ]
386 verbose url resolved https://registry.npmjs.org/js-yaml
387 info trying registry request attempt 1 at 09:55:05
388 verbose etag "1EOU11IWUMVB3PQ1199D4AJJK"
389 http GET https://registry.npmjs.org/js-yaml
390 verbose url raw lodash
391 verbose url resolving [ 'https://registry.npmjs.org/', './lodash' ]
392 verbose url resolved https://registry.npmjs.org/lodash
393 info trying registry request attempt 1 at 09:55:05
394 verbose etag "9TY7XZ4DF4CPJLP53AXZ2CIC8"
395 http GET https://registry.npmjs.org/lodash
396 http 304 https://registry.npmjs.org/colors
397 silly registry.get cb [ 304,
397 silly registry.get   { server: 'CouchDB/1.3.0 (Erlang OTP/R15B03)',
397 silly registry.get     etag: '"7MR9AS2P4VSV7OWD5Q54LLRL1"',
397 silly registry.get     date: 'Tue, 28 May 2013 07:55:06 GMT',
397 silly registry.get     'content-length': '0' } ]
398 verbose etag colors from cache
399 http 304 https://registry.npmjs.org/dateformat/1.0.2-1.2.3
400 silly registry.get cb [ 304,
400 silly registry.get   { server: 'CouchDB/1.3.0 (Erlang OTP/R15B03)',
400 silly registry.get     etag: '"1PA9OXA4GS2VF66UTCV8D9ILJ"',
400 silly registry.get     date: 'Tue, 28 May 2013 07:55:06 GMT',
400 silly registry.get     'content-length': '0' } ]
401 verbose etag dateformat/1.0.2-1.2.3 from cache
402 http 304 https://registry.npmjs.org/eventemitter2
403 silly registry.get cb [ 304,
403 silly registry.get   { server: 'CouchDB/1.3.0 (Erlang OTP/R15B03)',
403 silly registry.get     etag: '"106VAQNZIVN9U54W6V2ELV125"',
403 silly registry.get     date: 'Tue, 28 May 2013 07:55:06 GMT',
403 silly registry.get     'content-length': '0' } ]
404 verbose etag eventemitter2 from cache
405 silly addNameRange number 2 { name: 'colors', range: '>=0.6.0-1 <0.7.0-', hasData: true }
406 silly addNameRange versions [ 'colors', [ '0.3.0', '0.5.0', '0.5.1', '0.6.0', '0.6.0-1' ] ]
407 verbose addNamed [ 'colors', '0.6.0-1' ]
408 verbose addNamed [ '0.6.0-1', '0.6.0-1' ]
409 silly lockFile 02eba27f-colors-0-6-0-1 colors@0.6.0-1
410 verbose lock colors@0.6.0-1 /home/imedina/.npm/02eba27f-colors-0-6-0-1.lock
411 verbose read json /home/imedina/.npm/dateformat/1.0.2-1.2.3/package/package.json
412 silly addNameRange number 2 { name: 'eventemitter2',
412 silly addNameRange   range: '>=0.4.9- <0.5.0-',
412 silly addNameRange   hasData: true }
413 silly addNameRange versions [ 'eventemitter2',
413 silly addNameRange   [ '0.0.1',
413 silly addNameRange     '0.1.0',
413 silly addNameRange     '0.1.1',
413 silly addNameRange     '0.1.3',
413 silly addNameRange     '0.2.5',
413 silly addNameRange     '0.2.6',
413 silly addNameRange     '0.2.7',
413 silly addNameRange     '0.3.5',
413 silly addNameRange     '0.3.6',
413 silly addNameRange     '0.3.7',
413 silly addNameRange     '0.4.0',
413 silly addNameRange     '0.4.1',
413 silly addNameRange     '0.4.3',
413 silly addNameRange     '0.4.6',
413 silly addNameRange     '0.4.7',
413 silly addNameRange     '0.4.8',
413 silly addNameRange     '0.4.9',
413 silly addNameRange     '0.4.10',
413 silly addNameRange     '0.4.11' ] ]
414 verbose addNamed [ 'eventemitter2', '0.4.11' ]
415 verbose addNamed [ '0.4.11', '0.4.11' ]
416 silly lockFile 1047a589-eventemitter2-0-4-11 eventemitter2@0.4.11
417 verbose lock eventemitter2@0.4.11 /home/imedina/.npm/1047a589-eventemitter2-0-4-11.lock
418 verbose read json /home/imedina/.npm/colors/0.6.0-1/package/package.json
419 verbose read json /home/imedina/.npm/eventemitter2/0.4.11/package/package.json
420 warn package.json dateformat@1.0.2-1.2.3 No repository field.
421 silly lockFile 644d6e27-dateformat-1-0-2-1-2-3 dateformat@1.0.2-1.2.3
422 silly lockFile 644d6e27-dateformat-1-0-2-1-2-3 dateformat@1.0.2-1.2.3
423 silly lockFile 02eba27f-colors-0-6-0-1 colors@0.6.0-1
424 silly lockFile 02eba27f-colors-0-6-0-1 colors@0.6.0-1
425 warn package.json eventemitter2@0.4.11 No repository field.
426 warn package.json eventemitter2@0.4.11 'repositories' (plural) Not supported.
426 warn package.json Please pick one as the 'repository' field
427 silly lockFile 1047a589-eventemitter2-0-4-11 eventemitter2@0.4.11
428 silly lockFile 1047a589-eventemitter2-0-4-11 eventemitter2@0.4.11
429 silly lockFile f29bff6b-colors-0-6-0-1 colors@~0.6.0-1
430 silly lockFile f29bff6b-colors-0-6-0-1 colors@~0.6.0-1
431 silly lockFile 70573e74-eventemitter2-0-4-9 eventemitter2@~0.4.9
432 silly lockFile 70573e74-eventemitter2-0-4-9 eventemitter2@~0.4.9
433 http 304 https://registry.npmjs.org/coffee-script
434 silly registry.get cb [ 304,
434 silly registry.get   { server: 'CouchDB/1.3.0 (Erlang OTP/R15B03)',
434 silly registry.get     etag: '"3BY1DT1QAT2AQVC3978S0367N"',
434 silly registry.get     date: 'Tue, 28 May 2013 07:55:08 GMT',
434 silly registry.get     'content-length': '0' } ]
435 verbose etag coffee-script from cache
436 silly addNameRange number 2 { name: 'coffee-script',
436 silly addNameRange   range: '>=1.3.3- <1.4.0-',
436 silly addNameRange   hasData: true }
437 silly addNameRange versions [ 'coffee-script',
437 silly addNameRange   [ '0.7.0',
437 silly addNameRange     '0.7.1',
437 silly addNameRange     '0.7.2',
437 silly addNameRange     '0.9.0',
437 silly addNameRange     '0.9.1',
437 silly addNameRange     '0.9.2',
437 silly addNameRange     '0.9.3',
437 silly addNameRange     '0.9.4',
437 silly addNameRange     '0.9.5',
437 silly addNameRange     '0.9.6',
437 silly addNameRange     '1.0.0',
437 silly addNameRange     '1.0.1',
437 silly addNameRange     '1.1.0',
437 silly addNameRange     '1.1.1',
437 silly addNameRange     '1.1.2',
437 silly addNameRange     '1.1.3',
437 silly addNameRange     '1.2.0',
437 silly addNameRange     '1.3.0',
437 silly addNameRange     '1.3.1',
437 silly addNameRange     '1.3.2',
437 silly addNameRange     '1.3.3',
437 silly addNameRange     '1.4.0',
437 silly addNameRange     '1.5.0',
437 silly addNameRange     '1.6.0',
437 silly addNameRange     '1.6.1',
437 silly addNameRange     '1.6.2' ] ]
438 verbose addNamed [ 'coffee-script', '1.3.3' ]
439 verbose addNamed [ '1.3.3', '1.3.3' ]
440 silly lockFile 022c8436-coffee-script-1-3-3 coffee-script@1.3.3
441 verbose lock coffee-script@1.3.3 /home/imedina/.npm/022c8436-coffee-script-1-3-3.lock
442 verbose read json /home/imedina/.npm/coffee-script/1.3.3/package/package.json
443 silly lockFile 022c8436-coffee-script-1-3-3 coffee-script@1.3.3
444 silly lockFile 022c8436-coffee-script-1-3-3 coffee-script@1.3.3
445 silly lockFile f72bb580-coffee-script-1-3-3 coffee-script@~1.3.3
446 silly lockFile f72bb580-coffee-script-1-3-3 coffee-script@~1.3.3
447 http 304 https://registry.npmjs.org/hooker
448 silly registry.get cb [ 304,
448 silly registry.get   { server: 'CouchDB/1.3.0 (Erlang OTP/R15B03)',
448 silly registry.get     etag: '"49HZ41HQJJ7XPIRRMSBYKOEVW"',
448 silly registry.get     date: 'Tue, 28 May 2013 07:55:08 GMT',
448 silly registry.get     'content-length': '0' } ]
449 verbose etag hooker from cache
450 silly addNameRange number 2 { name: 'hooker', range: '>=0.2.3- <0.3.0-', hasData: true }
451 silly addNameRange versions [ 'hooker', [ '0.2.3' ] ]
452 verbose addNamed [ 'hooker', '0.2.3' ]
453 verbose addNamed [ '0.2.3', '0.2.3' ]
454 silly lockFile 97e6505f-hooker-0-2-3 hooker@0.2.3
455 verbose lock hooker@0.2.3 /home/imedina/.npm/97e6505f-hooker-0-2-3.lock
456 verbose read json /home/imedina/.npm/hooker/0.2.3/package/package.json
457 http 304 https://registry.npmjs.org/findup-sync
458 silly registry.get cb [ 304,
458 silly registry.get   { server: 'CouchDB/1.3.0 (Erlang OTP/R15B03)',
458 silly registry.get     etag: '"BXIX5F9F608QS414YZPBS4ACC"',
458 silly registry.get     date: 'Tue, 28 May 2013 07:55:08 GMT',
458 silly registry.get     'content-length': '0' } ]
459 verbose etag findup-sync from cache
460 silly lockFile 97e6505f-hooker-0-2-3 hooker@0.2.3
461 silly lockFile 97e6505f-hooker-0-2-3 hooker@0.2.3
462 silly lockFile 2bcd1457-hooker-0-2-3 hooker@~0.2.3
463 silly lockFile 2bcd1457-hooker-0-2-3 hooker@~0.2.3
464 silly addNameRange number 2 { name: 'findup-sync', range: '>=0.1.0- <0.2.0-', hasData: true }
465 silly addNameRange versions [ 'findup-sync', [ '0.1.0', '0.1.1', '0.1.2' ] ]
466 verbose addNamed [ 'findup-sync', '0.1.2' ]
467 verbose addNamed [ '0.1.2', '0.1.2' ]
468 silly lockFile d7184b2b-findup-sync-0-1-2 findup-sync@0.1.2
469 verbose lock findup-sync@0.1.2 /home/imedina/.npm/d7184b2b-findup-sync-0-1-2.lock
470 verbose read json /home/imedina/.npm/findup-sync/0.1.2/package/package.json
471 silly lockFile d7184b2b-findup-sync-0-1-2 findup-sync@0.1.2
472 silly lockFile d7184b2b-findup-sync-0-1-2 findup-sync@0.1.2
473 silly lockFile 625605b9-findup-sync-0-1-0 findup-sync@~0.1.0
474 silly lockFile 625605b9-findup-sync-0-1-0 findup-sync@~0.1.0
475 http 200 https://registry.npmjs.org/iconv-lite
476 silly registry.get cb [ 200,
476 silly registry.get   { vary: 'Accept',
476 silly registry.get     server: 'CouchDB/1.3.0 (Erlang OTP/R15B03)',
476 silly registry.get     etag: '"BQFULRAF4Y9MXGPVTVZ8Z5L4M"',
476 silly registry.get     date: 'Tue, 28 May 2013 07:55:09 GMT',
476 silly registry.get     'content-type': 'application/json',
476 silly registry.get     'content-length': '42363' } ]
477 silly addNameRange number 2 { name: 'iconv-lite', range: '>=0.2.5- <0.3.0-', hasData: true }
478 silly addNameRange versions [ 'iconv-lite',
478 silly addNameRange   [ '0.1.0',
478 silly addNameRange     '0.1.1',
478 silly addNameRange     '0.1.2',
478 silly addNameRange     '0.1.3',
478 silly addNameRange     '0.1.4',
478 silly addNameRange     '0.2.0',
478 silly addNameRange     '0.2.1',
478 silly addNameRange     '0.2.3',
478 silly addNameRange     '0.2.4',
478 silly addNameRange     '0.2.5',
478 silly addNameRange     '0.2.6',
478 silly addNameRange     '0.2.7',
478 silly addNameRange     '0.2.8',
478 silly addNameRange     '0.2.9',
478 silly addNameRange     '0.2.10' ] ]
479 verbose addNamed [ 'iconv-lite', '0.2.10' ]
480 verbose addNamed [ '0.2.10', '0.2.10' ]
481 silly lockFile 9ba4da49-iconv-lite-0-2-10 iconv-lite@0.2.10
482 verbose lock iconv-lite@0.2.10 /home/imedina/.npm/9ba4da49-iconv-lite-0-2-10.lock
483 silly lockFile 7998d6be-iconv-lite-iconv-lite-0-2-10-tgz https://registry.npmjs.org/iconv-lite/-/iconv-lite-0.2.10.tgz
484 verbose lock https://registry.npmjs.org/iconv-lite/-/iconv-lite-0.2.10.tgz /home/imedina/.npm/7998d6be-iconv-lite-iconv-lite-0-2-10-tgz.lock
485 verbose addRemoteTarball [ 'https://registry.npmjs.org/iconv-lite/-/iconv-lite-0.2.10.tgz',
485 verbose addRemoteTarball   '8839fa77a9e4325a51ca0f8bae6b0cbd490f5a92' ]
486 silly lockFile 7998d6be-iconv-lite-iconv-lite-0-2-10-tgz https://registry.npmjs.org/iconv-lite/-/iconv-lite-0.2.10.tgz
487 silly lockFile 7998d6be-iconv-lite-iconv-lite-0-2-10-tgz https://registry.npmjs.org/iconv-lite/-/iconv-lite-0.2.10.tgz
488 silly lockFile 9ba4da49-iconv-lite-0-2-10 iconv-lite@0.2.10
489 silly lockFile 9ba4da49-iconv-lite-0-2-10 iconv-lite@0.2.10
490 silly lockFile ca9efaa1-iconv-lite-0-2-5 iconv-lite@~0.2.5
491 silly lockFile ca9efaa1-iconv-lite-0-2-5 iconv-lite@~0.2.5
492 verbose about to build /home/imedina/appl/bioinfo-js/js-common-libs/genome-viewer-v2/node_modules/grunt
493 info /home/imedina/appl/bioinfo-js/js-common-libs/genome-viewer-v2/node_modules/grunt unbuild
494 verbose from cache /home/imedina/appl/bioinfo-js/js-common-libs/genome-viewer-v2/node_modules/grunt/package.json
495 info preuninstall grunt@0.4.1
496 info uninstall grunt@0.4.1
497 verbose true,/home/imedina/appl/bioinfo-js/js-common-libs/genome-viewer-v2/node_modules,/home/imedina/appl/bioinfo-js/js-common-libs/genome-viewer-v2/node_modules unbuild grunt@0.4.1
498 info postuninstall grunt@0.4.1
499 error Error: EACCES, mkdir '/home/imedina/tmp/npm-5741'
499 error  { [Error: EACCES, mkdir '/home/imedina/tmp/npm-5741'] errno: 3, code: 'EACCES', path: '/home/imedina/tmp/npm-5741' }
500 error Please try running this command again as root/Administrator.
501 error System Linux 3.8.0-22-generic
502 error command "node" "/usr/bin/npm" "install" "grunt"
503 error cwd /home/imedina/appl/bioinfo-js/js-common-libs/genome-viewer-v2
504 error node -v v0.10.8
505 error npm -v 1.2.23
506 error path /home/imedina/tmp/npm-5741
507 error code EACCES
508 error errno 3
509 error stack Error: EACCES, mkdir '/home/imedina/tmp/npm-5741'
510 verbose exit [ 3, true ]
